C51 COMPILER V9.54   51_DHT21                                                              11/27/2020 12:28:33 PAGE 1   


C51 COMPILER V9.54, COMPILATION OF MODULE 51_DHT21
OBJECT MODULE PLACED IN 51_DHT21.OBJ
COMPILER INVOKED BY: D:\keilARM\C51\BIN\C51.EXE 51_DHT21.c OPTIMIZE(8,SPEED) BROWSE INCDIR(..\51_DHT11 - 副本) DEBUG OBJ
                    -ECTEXTEND TABS(2)

line level    source

   1          #include ".\\nRF24L01\\nRF24L01.h"
   2          #include "def.h"
   3          #include "dht11.h"
   4          
   5          #define uchar unsigned char
   6          #define uint unsigned int
   7          char read_data();
   8          void delay(uchar z);
   9          
  10          unsigned char tem,hmi;
  11          unsigned char tem_1,hmi_1;
  12          
  13          void Delay1(unsigned int s)
  14          {
  15   1        unsigned int i;
  16   1        for(i=0; i<s; i++);
  17   1        for(i=0; i<s; i++);
  18   1      }
  19          
  20          void delayms(uint x)
  21          {
  22   1        uchar i,j;
  23   1        for(i=x;i>0;i--)
  24   1          for(j=110;j>0;j--);
  25   1      }
  26          
  27          void delay(uchar z)
  28          {
  29   1        uint x,y;
  30   1        for(x=z;x>0;x--)
  31   1         for(y=110;y>0;y--);
  32   1      }
  33          
  34          void delay_10us()
  35          {
  36   1        uchar i;
  37   1        i--;i--;i--;i--;i--;i--;
  38   1      }
  39          
  40          
  41          
  42          void UsartInit()
  43          {
  44   1        SCON=0X50;      //设置为工作方式1
  45   1        TMOD=0X20;      //设置计数器工作方式2
  46   1        PCON=0X80;      //波特率加倍
  47   1        TH1=0XFA;       //计数器初始值设置，注意波特率是4800的
  48   1        TL1=0XFA;
  49   1        ES=1;           //打开接收中断
  50   1        EA=1;           //打开总中断
  51   1        TR1=1;          //打开计数器
  52   1      }
  53          
  54          
C51 COMPILER V9.54   51_DHT21                                                              11/27/2020 12:28:33 PAGE 2   

  55          void Usart() interrupt 4
  56          {
  57   1        unsigned char receiveData;
  58   1      
  59   1        receiveData=SBUF;//出去接收到的数据
  60   1        RI = 0;//清除接收中断标志位
  61   1        SBUF=receiveData;//将接收到的数据放入到发送寄存器
  62   1        while(!TI);      //等待发送数据完成
  63   1        TI=0;            //清除发送完成标志位
  64   1      }
  65          
  66          
  67          void PutString(unsigned char *TXStr) 
  68          { 
  69   1        ES=0; 
  70   1        while(*TXStr!=0) 
  71   1        { 
  72   2          SBUF=*TXStr;
  73   2          while(TI==0);
  74   2          TI=0; 
  75   2          TXStr++;
  76   2        }
  77   1        ES=1; 
  78   1      }
  79          
  80          void main()
  81          {
  82   1       int a=0;
  83   1        uchar TxBuf[20]={0};   // 
  84   1      
  85   1        init_io() ;
  86   1        UsartInit();
  87   1      
  88   1        nRF24L01_TxPacket(TxBuf); // Transmit Tx buffer data
  89   1        Delay1(6000);
  90   1        
  91   1        while(1)
  92   1        { 
  93   2            
  94   2          DHT11_receive(&tem,&hmi);
  95   2          DHT11_receive_1(&tem_1,&hmi_1);
  96   2          PutString("OK\r\n");
  97   2        
  98   2          TxBuf[0]='#'; 
  99   2          TxBuf[1]=tem/10+1-1;
 100   2          TxBuf[2]=tem%10+1-1;
 101   2          TxBuf[3]=hmi/10+1-1;
 102   2          TxBuf[4]=hmi%10+1-1;
 103   2          
 104   2          
 105   2          
 106   2          TxBuf[5]=tem_1/10+1-1;
 107   2          TxBuf[6]=tem_1%10+1-1;
 108   2          TxBuf[7]=hmi_1/10+1-1;
 109   2          TxBuf[8]=hmi_1%10+1-1;
 110   2          
 111   2            
 112   2          nRF24L01_TxPacket(TxBuf); // Transmit Tx buffer data
 113   2          PutString(TxBuf);
 114   2          PutString("\r\n");
 115   2          PutString("I send\r\n");
 116   2          DHT11_delay_ms(1000);
C51 COMPILER V9.54   51_DHT21                                                              11/27/2020 12:28:33 PAGE 3   

 117   2      //      SetRX_Mode();
 118   2      //      
 119   2      //      if(nRF24L01_RxPacket(RxBuf))
 120   2      //      {
 121   2      //            
 122   2      //      if( RxBuf[1]==1)
 123   2      //      {   
 124   2      //        LED1 = 0;
 125   2      //      }
 126   2      //      if( RxBuf[2]==1)
 127   2      //      {
 128   2      //        LED2 = 0;
 129   2      //      }
 130   2      //    }
 131   2      
 132   2          } 
 133   1      
 134   1        }
 135              


MODULE INFORMATION:   STATIC OVERLAYABLE
   CODE SIZE        =    369    ----
   CONSTANT SIZE    =     37    ----
   XDATA SIZE       =   ----    ----
   PDATA SIZE       =   ----    ----
   DATA SIZE        =      4      23
   IDATA SIZE       =   ----    ----
   BIT SIZE         =   ----    ----
END OF MODULE INFORMATION.


C51 COMPILATION COMPLETE.  0 WARNING(S),  0 ERROR(S)
